<?xml version="1.0" encoding="UTF-8"?>
<testng-results ignored="0" total="1" passed="1" failed="0" skipped="0">
  <reporter-output>
  </reporter-output>
  <suite started-at="2023-12-11T14:44:26 IST" name="AccessibilityTestSuite" finished-at="2023-12-11T14:44:37 IST" duration-ms="10234">
    <groups>
    </groups>
    <test started-at="2023-12-11T14:44:26 IST" name="AccessibilityTests" finished-at="2023-12-11T14:44:37 IST" duration-ms="10234">
      <class name="Ally.adaTest">
        <test-method is-config="true" signature="setUp()[pri:0, instance:Ally.adaTest@74e52ef6]" started-at="2023-12-11T14:44:26 IST" name="setUp" finished-at="2023-12-11T14:44:26 IST" duration-ms="86" status="PASS">
          <reporter-output>
          </reporter-output>
        </test-method> <!-- setUp -->
        <test-method is-config="true" signature="setup()[pri:0, instance:Ally.adaTest@74e52ef6]" started-at="2023-12-11T14:44:27 IST" name="setup" finished-at="2023-12-11T14:44:29 IST" duration-ms="2291" status="PASS">
          <reporter-output>
          </reporter-output>
        </test-method> <!-- setup -->
        <test-method signature="testAccessibilityForUrls()[pri:0, instance:Ally.adaTest@74e52ef6]" started-at="2023-12-11T14:44:29 IST" name="testAccessibilityForUrls" finished-at="2023-12-11T14:44:37 IST" duration-ms="7732" status="PASS">
          <reporter-output>
          </reporter-output>
        </test-method> <!-- testAccessibilityForUrls -->
        <test-method is-config="true" signature="tearDown()[pri:0, instance:Ally.adaTest@74e52ef6]" started-at="2023-12-11T14:44:37 IST" name="tearDown" finished-at="2023-12-11T14:44:37 IST" duration-ms="177" status="PASS">
          <reporter-output>
          </reporter-output>
        </test-method> <!-- tearDown -->
      </class> <!-- Ally.adaTest -->
    </test> <!-- AccessibilityTests -->
  </suite> <!-- AccessibilityTestSuite -->
</testng-results>
